Build started 8/30/2017 1:42:24 AM.
     1>Project "H:\B.Tech CSE - Graphics_And_Gaming (IBM)\GitHub\Graphics_Algorithms_OpenGL_4.5\CS_Graphic_Algorithms_OpenGL_4.5\CS_Graphic_Algorithms_OpenGL_4.5\CS_Graphic_Algorithms_OpenGL_4.5.vcxproj" on node 2 (Build target(s)).
     1>ClCompile:
         E:\Microsoft Visual Studio 2015\VC\bin\x86_amd64\CL.exe /c /ZI /nologo /W3 /WX- /sdl /Od /D _DEBUG /D _CONSOLE /D _UNICODE /D UNICODE /Gm /EHsc /RTC1 /MDd /GS /fp:precise /Zc:wchar_t /Zc:forScope /Zc:inline /Fo"x64\Debug\\" /Fd"x64\Debug\vc140.pdb" /Gd /TP /errorReport:prompt Test.cpp
         Test.cpp
     1>h:\b.tech cse - graphics_and_gaming (ibm)\github\graphics_algorithms_opengl_4.5\cs_graphic_algorithms_opengl_4.5\cs_graphic_algorithms_opengl_4.5\test.cpp(11): warning C4309: 'argument': truncation of constant value
     1>h:\b.tech cse - graphics_and_gaming (ibm)\github\graphics_algorithms_opengl_4.5\cs_graphic_algorithms_opengl_4.5\cs_graphic_algorithms_opengl_4.5\test.cpp(14): warning C4305: 'argument': truncation from 'double' to 'GLfloat'
     1>h:\b.tech cse - graphics_and_gaming (ibm)\github\graphics_algorithms_opengl_4.5\cs_graphic_algorithms_opengl_4.5\cs_graphic_algorithms_opengl_4.5\test.cpp(17): warning C4305: 'argument': truncation from 'double' to 'GLfloat'
     1>h:\b.tech cse - graphics_and_gaming (ibm)\github\graphics_algorithms_opengl_4.5\cs_graphic_algorithms_opengl_4.5\cs_graphic_algorithms_opengl_4.5\test.cpp(18): warning C4305: 'argument': truncation from 'double' to 'GLfloat'
     1>h:\b.tech cse - graphics_and_gaming (ibm)\github\graphics_algorithms_opengl_4.5\cs_graphic_algorithms_opengl_4.5\cs_graphic_algorithms_opengl_4.5\test.cpp(21): warning C4305: 'argument': truncation from 'double' to 'GLfloat'
     1>h:\b.tech cse - graphics_and_gaming (ibm)\github\graphics_algorithms_opengl_4.5\cs_graphic_algorithms_opengl_4.5\cs_graphic_algorithms_opengl_4.5\test.cpp(22): warning C4305: 'argument': truncation from 'double' to 'GLfloat'
     1>h:\b.tech cse - graphics_and_gaming (ibm)\github\graphics_algorithms_opengl_4.5\cs_graphic_algorithms_opengl_4.5\cs_graphic_algorithms_opengl_4.5\test.cpp(25): warning C4305: 'argument': truncation from 'double' to 'GLfloat'
     1>h:\b.tech cse - graphics_and_gaming (ibm)\github\graphics_algorithms_opengl_4.5\cs_graphic_algorithms_opengl_4.5\cs_graphic_algorithms_opengl_4.5\test.cpp(29): warning C4305: 'argument': truncation from 'double' to 'GLfloat'
     1>h:\b.tech cse - graphics_and_gaming (ibm)\github\graphics_algorithms_opengl_4.5\cs_graphic_algorithms_opengl_4.5\cs_graphic_algorithms_opengl_4.5\test.cpp(30): warning C4305: 'argument': truncation from 'double' to 'GLfloat'
     1>h:\b.tech cse - graphics_and_gaming (ibm)\github\graphics_algorithms_opengl_4.5\cs_graphic_algorithms_opengl_4.5\cs_graphic_algorithms_opengl_4.5\test.cpp(33): warning C4305: 'argument': truncation from 'double' to 'GLfloat'
     1>h:\b.tech cse - graphics_and_gaming (ibm)\github\graphics_algorithms_opengl_4.5\cs_graphic_algorithms_opengl_4.5\cs_graphic_algorithms_opengl_4.5\test.cpp(34): warning C4305: 'argument': truncation from 'double' to 'GLfloat'
     1>h:\b.tech cse - graphics_and_gaming (ibm)\github\graphics_algorithms_opengl_4.5\cs_graphic_algorithms_opengl_4.5\cs_graphic_algorithms_opengl_4.5\test.cpp(36): warning C4305: 'argument': truncation from 'double' to 'GLfloat'
     1>h:\b.tech cse - graphics_and_gaming (ibm)\github\graphics_algorithms_opengl_4.5\cs_graphic_algorithms_opengl_4.5\cs_graphic_algorithms_opengl_4.5\test.cpp(37): warning C4305: 'argument': truncation from 'double' to 'GLfloat'
     1>h:\b.tech cse - graphics_and_gaming (ibm)\github\graphics_algorithms_opengl_4.5\cs_graphic_algorithms_opengl_4.5\cs_graphic_algorithms_opengl_4.5\test.cpp(40): warning C4305: 'argument': truncation from 'double' to 'GLfloat'
     1>h:\b.tech cse - graphics_and_gaming (ibm)\github\graphics_algorithms_opengl_4.5\cs_graphic_algorithms_opengl_4.5\cs_graphic_algorithms_opengl_4.5\test.cpp(41): warning C4305: 'argument': truncation from 'double' to 'GLfloat'
     1>h:\b.tech cse - graphics_and_gaming (ibm)\github\graphics_algorithms_opengl_4.5\cs_graphic_algorithms_opengl_4.5\cs_graphic_algorithms_opengl_4.5\test.cpp(44): warning C4305: 'argument': truncation from 'double' to 'GLfloat'
     1>h:\b.tech cse - graphics_and_gaming (ibm)\github\graphics_algorithms_opengl_4.5\cs_graphic_algorithms_opengl_4.5\cs_graphic_algorithms_opengl_4.5\test.cpp(45): warning C4305: 'argument': truncation from 'double' to 'GLfloat'
     1>h:\b.tech cse - graphics_and_gaming (ibm)\github\graphics_algorithms_opengl_4.5\cs_graphic_algorithms_opengl_4.5\cs_graphic_algorithms_opengl_4.5\test.cpp(48): warning C4305: 'argument': truncation from 'double' to 'GLfloat'
     1>h:\b.tech cse - graphics_and_gaming (ibm)\github\graphics_algorithms_opengl_4.5\cs_graphic_algorithms_opengl_4.5\cs_graphic_algorithms_opengl_4.5\test.cpp(52): warning C4305: 'argument': truncation from 'double' to 'GLfloat'
     1>h:\b.tech cse - graphics_and_gaming (ibm)\github\graphics_algorithms_opengl_4.5\cs_graphic_algorithms_opengl_4.5\cs_graphic_algorithms_opengl_4.5\test.cpp(57): warning C4305: 'argument': truncation from 'double' to 'GLfloat'
     1>h:\b.tech cse - graphics_and_gaming (ibm)\github\graphics_algorithms_opengl_4.5\cs_graphic_algorithms_opengl_4.5\cs_graphic_algorithms_opengl_4.5\test.cpp(60): warning C4305: 'argument': truncation from 'double' to 'GLfloat'
     1>h:\b.tech cse - graphics_and_gaming (ibm)\github\graphics_algorithms_opengl_4.5\cs_graphic_algorithms_opengl_4.5\cs_graphic_algorithms_opengl_4.5\test.cpp(61): warning C4305: 'argument': truncation from 'double' to 'GLfloat'
     1>h:\b.tech cse - graphics_and_gaming (ibm)\github\graphics_algorithms_opengl_4.5\cs_graphic_algorithms_opengl_4.5\cs_graphic_algorithms_opengl_4.5\test.cpp(64): warning C4305: 'argument': truncation from 'double' to 'GLfloat'
     1>h:\b.tech cse - graphics_and_gaming (ibm)\github\graphics_algorithms_opengl_4.5\cs_graphic_algorithms_opengl_4.5\cs_graphic_algorithms_opengl_4.5\test.cpp(65): warning C4305: 'argument': truncation from 'double' to 'GLfloat'
     1>h:\b.tech cse - graphics_and_gaming (ibm)\github\graphics_algorithms_opengl_4.5\cs_graphic_algorithms_opengl_4.5\cs_graphic_algorithms_opengl_4.5\test.cpp(68): warning C4305: 'argument': truncation from 'double' to 'GLfloat'
     1>h:\b.tech cse - graphics_and_gaming (ibm)\github\graphics_algorithms_opengl_4.5\cs_graphic_algorithms_opengl_4.5\cs_graphic_algorithms_opengl_4.5\test.cpp(69): warning C4305: 'argument': truncation from 'double' to 'GLfloat'
     1>h:\b.tech cse - graphics_and_gaming (ibm)\github\graphics_algorithms_opengl_4.5\cs_graphic_algorithms_opengl_4.5\cs_graphic_algorithms_opengl_4.5\test.cpp(72): warning C4305: 'argument': truncation from 'double' to 'GLfloat'
     1>h:\b.tech cse - graphics_and_gaming (ibm)\github\graphics_algorithms_opengl_4.5\cs_graphic_algorithms_opengl_4.5\cs_graphic_algorithms_opengl_4.5\test.cpp(73): warning C4305: 'argument': truncation from 'double' to 'GLfloat'
     1>h:\b.tech cse - graphics_and_gaming (ibm)\github\graphics_algorithms_opengl_4.5\cs_graphic_algorithms_opengl_4.5\cs_graphic_algorithms_opengl_4.5\test.cpp(76): warning C4305: 'argument': truncation from 'double' to 'GLfloat'
     1>h:\b.tech cse - graphics_and_gaming (ibm)\github\graphics_algorithms_opengl_4.5\cs_graphic_algorithms_opengl_4.5\cs_graphic_algorithms_opengl_4.5\test.cpp(80): warning C4305: 'argument': truncation from 'double' to 'GLfloat'
     1>h:\b.tech cse - graphics_and_gaming (ibm)\github\graphics_algorithms_opengl_4.5\cs_graphic_algorithms_opengl_4.5\cs_graphic_algorithms_opengl_4.5\test.cpp(81): warning C4305: 'argument': truncation from 'double' to 'GLfloat'
     1>h:\b.tech cse - graphics_and_gaming (ibm)\github\graphics_algorithms_opengl_4.5\cs_graphic_algorithms_opengl_4.5\cs_graphic_algorithms_opengl_4.5\test.cpp(84): warning C4305: 'argument': truncation from 'double' to 'GLfloat'
     1>h:\b.tech cse - graphics_and_gaming (ibm)\github\graphics_algorithms_opengl_4.5\cs_graphic_algorithms_opengl_4.5\cs_graphic_algorithms_opengl_4.5\test.cpp(85): warning C4305: 'argument': truncation from 'double' to 'GLfloat'
     1>h:\b.tech cse - graphics_and_gaming (ibm)\github\graphics_algorithms_opengl_4.5\cs_graphic_algorithms_opengl_4.5\cs_graphic_algorithms_opengl_4.5\test.cpp(88): warning C4305: 'argument': truncation from 'double' to 'GLfloat'
     1>h:\b.tech cse - graphics_and_gaming (ibm)\github\graphics_algorithms_opengl_4.5\cs_graphic_algorithms_opengl_4.5\cs_graphic_algorithms_opengl_4.5\test.cpp(89): warning C4305: 'argument': truncation from 'double' to 'GLfloat'
     1>h:\b.tech cse - graphics_and_gaming (ibm)\github\graphics_algorithms_opengl_4.5\cs_graphic_algorithms_opengl_4.5\cs_graphic_algorithms_opengl_4.5\test.cpp(92): warning C4305: 'argument': truncation from 'double' to 'GLfloat'
     1>h:\b.tech cse - graphics_and_gaming (ibm)\github\graphics_algorithms_opengl_4.5\cs_graphic_algorithms_opengl_4.5\cs_graphic_algorithms_opengl_4.5\test.cpp(93): warning C4305: 'argument': truncation from 'double' to 'GLfloat'
     1>h:\b.tech cse - graphics_and_gaming (ibm)\github\graphics_algorithms_opengl_4.5\cs_graphic_algorithms_opengl_4.5\cs_graphic_algorithms_opengl_4.5\test.cpp(96): warning C4305: 'argument': truncation from 'double' to 'GLfloat'
     1>h:\b.tech cse - graphics_and_gaming (ibm)\github\graphics_algorithms_opengl_4.5\cs_graphic_algorithms_opengl_4.5\cs_graphic_algorithms_opengl_4.5\test.cpp(97): warning C4305: 'argument': truncation from 'double' to 'GLfloat'
     1>h:\b.tech cse - graphics_and_gaming (ibm)\github\graphics_algorithms_opengl_4.5\cs_graphic_algorithms_opengl_4.5\cs_graphic_algorithms_opengl_4.5\test.cpp(100): warning C4305: 'argument': truncation from 'double' to 'GLfloat'
     1>h:\b.tech cse - graphics_and_gaming (ibm)\github\graphics_algorithms_opengl_4.5\cs_graphic_algorithms_opengl_4.5\cs_graphic_algorithms_opengl_4.5\test.cpp(101): warning C4305: 'argument': truncation from 'double' to 'GLfloat'
     1>h:\b.tech cse - graphics_and_gaming (ibm)\github\graphics_algorithms_opengl_4.5\cs_graphic_algorithms_opengl_4.5\cs_graphic_algorithms_opengl_4.5\test.cpp(104): warning C4305: 'argument': truncation from 'double' to 'GLfloat'
     1>h:\b.tech cse - graphics_and_gaming (ibm)\github\graphics_algorithms_opengl_4.5\cs_graphic_algorithms_opengl_4.5\cs_graphic_algorithms_opengl_4.5\test.cpp(105): warning C4305: 'argument': truncation from 'double' to 'GLfloat'
     1>h:\b.tech cse - graphics_and_gaming (ibm)\github\graphics_algorithms_opengl_4.5\cs_graphic_algorithms_opengl_4.5\cs_graphic_algorithms_opengl_4.5\test.cpp(108): warning C4305: 'argument': truncation from 'double' to 'GLfloat'
     1>h:\b.tech cse - graphics_and_gaming (ibm)\github\graphics_algorithms_opengl_4.5\cs_graphic_algorithms_opengl_4.5\cs_graphic_algorithms_opengl_4.5\test.cpp(109): warning C4305: 'argument': truncation from 'double' to 'GLfloat'
     1>h:\b.tech cse - graphics_and_gaming (ibm)\github\graphics_algorithms_opengl_4.5\cs_graphic_algorithms_opengl_4.5\cs_graphic_algorithms_opengl_4.5\test.cpp(112): warning C4305: 'argument': truncation from 'double' to 'GLfloat'
     1>h:\b.tech cse - graphics_and_gaming (ibm)\github\graphics_algorithms_opengl_4.5\cs_graphic_algorithms_opengl_4.5\cs_graphic_algorithms_opengl_4.5\test.cpp(113): warning C4305: 'argument': truncation from 'double' to 'GLfloat'
     1>h:\b.tech cse - graphics_and_gaming (ibm)\github\graphics_algorithms_opengl_4.5\cs_graphic_algorithms_opengl_4.5\cs_graphic_algorithms_opengl_4.5\test.cpp(116): warning C4305: 'argument': truncation from 'double' to 'GLfloat'
     1>h:\b.tech cse - graphics_and_gaming (ibm)\github\graphics_algorithms_opengl_4.5\cs_graphic_algorithms_opengl_4.5\cs_graphic_algorithms_opengl_4.5\test.cpp(117): warning C4305: 'argument': truncation from 'double' to 'GLfloat'
       Link:
         E:\Microsoft Visual Studio 2015\VC\bin\x86_amd64\link.exe /ERRORREPORT:PROMPT /OUT:"H:\B.Tech CSE - Graphics_And_Gaming (IBM)\GitHub\Graphics_Algorithms_OpenGL_4.5\CS_Graphic_Algorithms_OpenGL_4.5\x64\Debug\CS_Graphic_Algorithms_OpenGL_4.5.exe" /INCREMENTAL /NOLOGO /LIBPATH:"E:\Microsoft Visual Studio 2015\Dependencies\glew" /LIBPATH:"E:\Microsoft Visual Studio 2015\Dependencies\freeglut" opengl32.lib freeglut.lib glew32.lib kernel32.lib user32.lib gdi32.lib winspool.lib comdlg32.lib advapi32.lib shell32.lib ole32.lib oleaut32.lib uuid.lib odbc32.lib odbccp32.lib /MANIFEST /MANIFESTUAC:"level='asInvoker' uiAccess='false'" /manifest:embed /Debug /PDB:"H:\B.Tech CSE - Graphics_And_Gaming (IBM)\GitHub\Graphics_Algorithms_OpenGL_4.5\CS_Graphic_Algorithms_OpenGL_4.5\x64\Debug\CS_Graphic_Algorithms_OpenGL_4.5.pdb" /SUBSYSTEM:CONSOLE /TLBID:1 /DYNAMICBASE /NXCOMPAT /IMPLIB:"H:\B.Tech CSE - Graphics_And_Gaming (IBM)\GitHub\Graphics_Algorithms_OpenGL_4.5\CS_Graphic_Algorithms_OpenGL_4.5\x64\Debug\CS_Graphic_Algorithms_OpenGL_4.5.lib" /MACHINE:X64 x64\Debug\Test.obj
         CS_Graphic_Algorithms_OpenGL_4.5.vcxproj -> H:\B.Tech CSE - Graphics_And_Gaming (IBM)\GitHub\Graphics_Algorithms_OpenGL_4.5\CS_Graphic_Algorithms_OpenGL_4.5\x64\Debug\CS_Graphic_Algorithms_OpenGL_4.5.exe
     1>Done Building Project "H:\B.Tech CSE - Graphics_And_Gaming (IBM)\GitHub\Graphics_Algorithms_OpenGL_4.5\CS_Graphic_Algorithms_OpenGL_4.5\CS_Graphic_Algorithms_OpenGL_4.5\CS_Graphic_Algorithms_OpenGL_4.5.vcxproj" (Build target(s)).

Build succeeded.

Time Elapsed 00:00:02.92
